#
# There is insufficient memory for the Java Runtime Environment to continue.
# Native memory allocation (malloc) failed to allocate 32744 bytes for ChunkPool::allocate
# Possible reasons:
#   The system is out of physical RAM or swap space
#   In 32 bit mode, the process size limit was hit
# Possible solutions:
#   Reduce memory load on the system
#   Increase physical memory or swap space
#   Check if swap backing store is full
#   Use 64 bit Java on a 64 bit OS
#   Decrease Java heap size (-Xmx/-Xms)
#   Decrease number of Java threads
#   Decrease Java thread stack sizes (-Xss)
#   Set larger code cache with -XX:ReservedCodeCacheSize=
# This output file may be truncated or incomplete.
#
#  Out of Memory Error (allocation.cpp:273), pid=23844, tid=0x00000000000008dc
#
# JRE version: OpenJDK Runtime Environment (8.0_152-b02) (build 1.8.0_152-release-1024-b02)
# Java VM: OpenJDK 64-Bit Server VM (25.152-b02 mixed mode windows-amd64 compressed oops)
# Failed to write core dump. Minidumps are not enabled by default on client versions of Windows
#

---------------  T H R E A D  ---------------

Current thread (0x00000000161e8800):  JavaThread "C2 CompilerThread1" daemon [_thread_in_native, id=2268, stack(0x0000000017c80000,0x0000000017d80000)]

Stack: [0x0000000017c80000,0x0000000017d80000]
[error occurred during error reporting (printing stack bounds), id 0xc0000005]

Native frames: (J=compiled Java code, j=interpreted, Vv=VM code, C=native code)


Current CompileTask:
C2:   6237 1776       4       java.net.URLClassLoader$1::run (5 bytes)


---------------  P R O C E S S  ---------------

Java Threads: ( => current thread )
  0x000000001a678000 JavaThread "Cache worker for journal cache (C:\Users\娴\.gradle\caches\journal-1)" [_thread_blocked, id=44264, stack(0x000000001b9d0000,0x000000001bad0000)]
  0x000000001a67f000 JavaThread "Cache worker for file hash cache (D:\android\FlutterLearning\flutter_lake\android\.gradle\4.10.2\fileHashes)" [_thread_blocked, id=22600, stack(0x000000001b8d0000,0x000000001b9d0000)]
  0x000000001a79b000 JavaThread "File lock request listener" [_thread_in_native, id=49168, stack(0x000000001b7d0000,0x000000001b8d0000)]
  0x00000000197e5800 JavaThread "Cache worker for file hash cache (C:\Users\娴\.gradle\caches\4.10.2\fileHashes)" [_thread_blocked, id=44848, stack(0x000000001b4d0000,0x000000001b5d0000)]
  0x000000001917e000 JavaThread "Stdin handler" [_thread_blocked, id=83252, stack(0x000000001a200000,0x000000001a300000)]
  0x000000001917d800 JavaThread "Asynchronous log dispatcher for DefaultDaemonConnection: socket connection from /127.0.0.1:12702 to /127.0.0.1:12703" [_thread_blocked, id=77420, stack(0x000000001a100000,0x000000001a200000)]
  0x0000000019377800 JavaThread "Daemon worker" [_thread_in_vm, id=68696, stack(0x000000001a000000,0x000000001a100000)]
  0x0000000019377000 JavaThread "Cancel handler" [_thread_blocked, id=17744, stack(0x0000000019f00000,0x000000001a000000)]
  0x0000000019374000 JavaThread "Handler for socket connection from /127.0.0.1:12702 to /127.0.0.1:12703" [_thread_in_native, id=63292, stack(0x0000000019e00000,0x0000000019f00000)]
  0x00000000190e4000 JavaThread "Daemon" [_thread_blocked, id=29868, stack(0x0000000019d00000,0x0000000019e00000)]
  0x0000000018e21800 JavaThread "Daemon periodic checks" [_thread_blocked, id=86928, stack(0x0000000019c00000,0x0000000019d00000)]
  0x0000000018e31000 JavaThread "Incoming local TCP Connector on port 12702" [_thread_in_native, id=60208, stack(0x0000000019a50000,0x0000000019b50000)]
  0x00000000175fe000 JavaThread "Service Thread" daemon [_thread_blocked, id=19132, stack(0x0000000017e80000,0x0000000017f80000)]
  0x00000000161ef000 JavaThread "C1 CompilerThread2" daemon [_thread_blocked, id=29700, stack(0x0000000017d80000,0x0000000017e80000)]
=>0x00000000161e8800 JavaThread "C2 CompilerThread1" daemon [_thread_in_native, id=2268, stack(0x0000000017c80000,0x0000000017d80000)]
  0x00000000161d4800 JavaThread "C2 CompilerThread0" daemon [_thread_in_native, id=24144, stack(0x0000000017b80000,0x0000000017c80000)]
  0x00000000161d4000 JavaThread "Attach Listener" daemon [_thread_blocked, id=31000, stack(0x0000000017a80000,0x0000000017b80000)]
  0x00000000161e6000 JavaThread "Signal Dispatcher" daemon [_thread_blocked, id=89464, stack(0x0000000017980000,0x0000000017a80000)]
  0x00000000161ae000 JavaThread "Finalizer" daemon [_thread_blocked, id=32076, stack(0x0000000017420000,0x0000000017520000)]
  0x0000000002845800 JavaThread "Reference Handler" daemon [_thread_blocked, id=17524, stack(0x0000000017320000,0x0000000017420000)]
  0x0000000002753800 JavaThread "main" [_thread_blocked, id=49668, stack(0x0000000002650000,0x0000000002750000)]

Other Threads:
  0x0000000016185800 VMThread [stack: 0x0000000017220000,0x0000000017320000] [id=52420]
  0x0000000017618800 WatcherThread [stack: 0x0000000017f80000,0x0000000018080000] [id=49708]

VM state:not at safepoint (normal execution)

VM Mutex/Monitor currently owned by a thread: None

Heap:
 PSYoungGen      total 37888K, used 16617K [0x00000000e0000000, 0x00000000e2a00000, 0x0000000100000000)
  eden space 32768K, 38% used [0x00000000e0000000,0x00000000e0c31700,0x00000000e2000000)
  from space 5120K, 80% used [0x00000000e2500000,0x00000000e2908e40,0x00000000e2a00000)
  to   space 5120K, 0% used [0x00000000e2000000,0x00000000e2000000,0x00000000e2500000)
 ParOldGen       total 63488K, used 9241K [0x00000000a0000000, 0x00000000a3e00000, 0x00000000e0000000)
  object space 63488K, 14% used [0x00000000a0000000,0x00000000a09065b8,0x00000000a3e00000)
 Metaspace       used 25004K, capacity 25320K, committed 25600K, reserved 1071104K
  class space    used 3418K, capacity 3566K, committed 3584K, reserved 1048576K

Card table byte_map: [0x0000000011c10000,0x0000000011f20000] byte_map_base: 0x0000000011710000

Marking Bits: (ParMarkBitMap*) 0x0000000065444970
 Begin Bits: [0x0000000012520000, 0x0000000013d20000)
 End Bits:   [0x0000000013d20000, 0x0000000015520000)

Polling page: 0x0000000000960000

CodeCache: size=245760Kb used=8087Kb max_used=8087Kb free=237672Kb
 bounds [0x0000000002850000, 0x0000000003040000, 0x0000000011850000]
 total_blobs=2674 nmethods=2023 adapters=564
 compilation: enabled

Compilation events (10 events):
Event: 6.222 Thread 0x00000000161ef000 nmethod 2057 0x0000000003030d50 code [0x0000000003030ee0, 0x0000000003031208]
Event: 6.222 Thread 0x00000000161ef000 2058       2       org.objectweb.asm.ClassReader::readUTF8 (23 bytes)
Event: 6.222 Thread 0x00000000161ef000 nmethod 2058 0x0000000003031590 code [0x0000000003031700, 0x00000000030318e8]
Event: 6.222 Thread 0x00000000161ef000 2055       2       org.objectweb.asm.MethodWriter::visitCode (1 bytes)
Event: 6.222 Thread 0x00000000161ef000 nmethod 2055 0x0000000003031a90 code [0x0000000003031be0, 0x0000000003031d30]
Event: 6.222 Thread 0x00000000161ef000 2061       2       org.objectweb.asm.MethodWriter::computeMethodInfoSize (685 bytes)
Event: 6.224 Thread 0x00000000161ef000 nmethod 2061 0x0000000003031dd0 code [0x00000000030320a0, 0x0000000003032b58]
Event: 6.224 Thread 0x00000000161ef000 2062       2       org.objectweb.asm.MethodWriter::hasFrames (13 bytes)
Event: 6.224 Thread 0x00000000161ef000 nmethod 2062 0x0000000003033490 code [0x00000000030335e0, 0x0000000003033750]
Event: 6.224 Thread 0x00000000161ef000 2063       2       org.objectweb.asm.MethodWriter::putMethodInfo (1431 bytes)

GC Heap History (10 events):
Event: 3.940 GC heap before
{Heap before GC invocations=3 (full 0):
 PSYoungGen      total 37888K, used 37867K [0x00000000e0000000, 0x00000000e2a00000, 0x0000000100000000)
  eden space 32768K, 100% used [0x00000000e0000000,0x00000000e2000000,0x00000000e2000000)
  from space 5120K, 99% used [0x00000000e2500000,0x00000000e29fad60,0x00000000e2a00000)
  to   space 5120K, 0% used [0x00000000e2000000,0x00000000e2000000,0x00000000e2500000)
 ParOldGen       total 86016K, used 88K [0x00000000a0000000, 0x00000000a5400000, 0x00000000e0000000)
  object space 86016K, 0% used [0x00000000a0000000,0x00000000a0016160,0x00000000a5400000)
 Metaspace       used 13293K, capacity 13660K, committed 13824K, reserved 1060864K
  class space    used 1866K, capacity 2004K, committed 2048K, reserved 1048576K
Event: 3.948 GC heap after
Heap after GC invocations=3 (full 0):
 PSYoungGen      total 37888K, used 5096K [0x00000000e0000000, 0x00000000e2a00000, 0x0000000100000000)
  eden space 32768K, 0% used [0x00000000e0000000,0x00000000e0000000,0x00000000e2000000)
  from space 5120K, 99% used [0x00000000e2000000,0x00000000e24fa020,0x00000000e2500000)
  to   space 5120K, 0% used [0x00000000e2500000,0x00000000e2500000,0x00000000e2a00000)
 ParOldGen       total 86016K, used 2287K [0x00000000a0000000, 0x00000000a5400000, 0x00000000e0000000)
  object space 86016K, 2% used [0x00000000a0000000,0x00000000a023be80,0x00000000a5400000)
 Metaspace       used 13293K, capacity 13660K, committed 13824K, reserved 1060864K
  class space    used 1866K, capacity 2004K, committed 2048K, reserved 1048576K
}
Event: 4.514 GC heap before
{Heap before GC invocations=4 (full 0):
 PSYoungGen      total 37888K, used 37864K [0x00000000e0000000, 0x00000000e2a00000, 0x0000000100000000)
  eden space 32768K, 100% used [0x00000000e0000000,0x00000000e2000000,0x00000000e2000000)
  from space 5120K, 99% used [0x00000000e2000000,0x00000000e24fa020,0x00000000e2500000)
  to   space 5120K, 0% used [0x00000000e2500000,0x00000000e2500000,0x00000000e2a00000)
 ParOldGen       total 86016K, used 2287K [0x00000000a0000000, 0x00000000a5400000, 0x00000000e0000000)
  object space 86016K, 2% used [0x00000000a0000000,0x00000000a023be80,0x00000000a5400000)
 Metaspace       used 16256K, capacity 16588K, committed 16896K, reserved 1062912K
  class space    used 2346K, capacity 2494K, committed 2560K, reserved 1048576K
Event: 4.526 GC heap after
Heap after GC invocations=4 (full 0):
 PSYoungGen      total 37888K, used 5096K [0x00000000e0000000, 0x00000000e2a00000, 0x0000000100000000)
  eden space 32768K, 0% used [0x00000000e0000000,0x00000000e0000000,0x00000000e2000000)
  from space 5120K, 99% used [0x00000000e2500000,0x00000000e29fa020,0x00000000e2a00000)
  to   space 5120K, 0% used [0x00000000e2000000,0x00000000e2000000,0x00000000e2500000)
 ParOldGen       total 86016K, used 5514K [0x00000000a0000000, 0x00000000a5400000, 0x00000000e0000000)
  object space 86016K, 6% used [0x00000000a0000000,0x00000000a0562b70,0x00000000a5400000)
 Metaspace       used 16256K, capacity 16588K, committed 16896K, reserved 1062912K
  class space    used 2346K, capacity 2494K, committed 2560K, reserved 1048576K
}
Event: 5.163 GC heap before
{Heap before GC invocations=5 (full 0):
 PSYoungGen      total 37888K, used 29751K [0x00000000e0000000, 0x00000000e2a00000, 0x0000000100000000)
  eden space 32768K, 75% used [0x00000000e0000000,0x00000000e1813cd8,0x00000000e2000000)
  from space 5120K, 99% used [0x00000000e2500000,0x00000000e29fa020,0x00000000e2a00000)
  to   space 5120K, 0% used [0x00000000e2000000,0x00000000e2000000,0x00000000e2500000)
 ParOldGen       total 86016K, used 5514K [0x00000000a0000000, 0x00000000a5400000, 0x00000000e0000000)
  object space 86016K, 6% used [0x00000000a0000000,0x00000000a0562b70,0x00000000a5400000)
 Metaspace       used 20764K, capacity 21106K, committed 21248K, reserved 1067008K
  class space    used 2893K, capacity 3039K, committed 3072K, reserved 1048576K
Event: 5.176 GC heap after
Heap after GC invocations=5 (full 0):
 PSYoungGen      total 37888K, used 5090K [0x00000000e0000000, 0x00000000e2a00000, 0x0000000100000000)
  eden space 32768K, 0% used [0x00000000e0000000,0x00000000e0000000,0x00000000e2000000)
  from space 5120K, 99% used [0x00000000e2000000,0x00000000e24f8a68,0x00000000e2500000)
  to   space 5120K, 0% used [0x00000000e2500000,0x00000000e2500000,0x00000000e2a00000)
 ParOldGen       total 86016K, used 9346K [0x00000000a0000000, 0x00000000a5400000, 0x00000000e0000000)
  object space 86016K, 10% used [0x00000000a0000000,0x00000000a09209c8,0x00000000a5400000)
 Metaspace       used 20764K, capacity 21106K, committed 21248K, reserved 1067008K
  class space    used 2893K, capacity 3039K, committed 3072K, reserved 1048576K
}
Event: 5.176 GC heap before
{Heap before GC invocations=6 (full 1):
 PSYoungGen      total 37888K, used 5090K [0x00000000e0000000, 0x00000000e2a00000, 0x0000000100000000)
  eden space 32768K, 0% used [0x00000000e0000000,0x00000000e0000000,0x00000000e2000000)
  from space 5120K, 99% used [0x00000000e2000000,0x00000000e24f8a68,0x00000000e2500000)
  to   space 5120K, 0% used [0x00000000e2500000,0x00000000e2500000,0x00000000e2a00000)
 ParOldGen       total 86016K, used 9346K [0x00000000a0000000, 0x00000000a5400000, 0x00000000e0000000)
  object space 86016K, 10% used [0x00000000a0000000,0x00000000a09209c8,0x00000000a5400000)
 Metaspace       used 20764K, capacity 21106K, committed 21248K, reserved 1067008K
  class space    used 2893K, capacity 3039K, committed 3072K, reserved 1048576K
Event: 5.239 GC heap after
Heap after GC invocations=6 (full 1):
 PSYoungGen      total 37888K, used 0K [0x00000000e0000000, 0x00000000e2a00000, 0x0000000100000000)
  eden space 32768K, 0% used [0x00000000e0000000,0x00000000e0000000,0x00000000e2000000)
  from space 5120K, 0% used [0x00000000e2000000,0x00000000e2000000,0x00000000e2500000)
  to   space 5120K, 0% used [0x00000000e2500000,0x00000000e2500000,0x00000000e2a00000)
 ParOldGen       total 63488K, used 9233K [0x00000000a0000000, 0x00000000a3e00000, 0x00000000e0000000)
  object space 63488K, 14% used [0x00000000a0000000,0x00000000a09045b8,0x00000000a3e00000)
 Metaspace       used 20764K, capacity 21106K, committed 21248K, reserved 1067008K
  class space    used 2893K, capacity 3039K, committed 3072K, reserved 1048576K
}
Event: 5.983 GC heap before
{Heap before GC invocations=7 (full 1):
 PSYoungGen      total 37888K, used 32768K [0x00000000e0000000, 0x00000000e2a00000, 0x0000000100000000)
  eden space 32768K, 100% used [0x00000000e0000000,0x00000000e2000000,0x00000000e2000000)
  from space 5120K, 0% used [0x00000000e2000000,0x00000000e2000000,0x00000000e2500000)
  to   space 5120K, 0% used [0x00000000e2500000,0x00000000e2500000,0x00000000e2a00000)
 ParOldGen       total 63488K, used 9233K [0x00000000a0000000, 0x00000000a3e00000, 0x00000000e0000000)
  object space 63488K, 14% used [0x00000000a0000000,0x00000000a09045b8,0x00000000a3e00000)
 Metaspace       used 24011K, capacity 24386K, committed 24704K, reserved 1071104K
  class space    used 3265K, capacity 3405K, committed 3456K, reserved 1048576K
Event: 5.991 GC heap after
Heap after GC invocations=7 (full 1):
 PSYoungGen      total 37888K, used 4131K [0x00000000e0000000, 0x00000000e2a00000, 0x0000000100000000)
  eden space 32768K, 0% used [0x00000000e0000000,0x00000000e0000000,0x00000000e2000000)
  from space 5120K, 80% used [0x00000000e2500000,0x00000000e2908e40,0x00000000e2a00000)
  to   space 5120K, 0% used [0x00000000e2000000,0x00000000e2000000,0x00000000e2500000)
 ParOldGen       total 63488K, used 9241K [0x00000000a0000000, 0x00000000a3e00000, 0x00000000e0000000)
  object space 63488K, 14% used [0x00000000a0000000,0x00000000a09065b8,0x00000000a3e00000)
 Metaspace       used 24011K, capacity 24386K, committed 24704K, reserved 1071104K
  class space    used 3265K, capacity 3405K, committed 3456K, reserved 1048576K
}

Deoptimization events (10 events):
Event: 5.469 Thread 0x0000000019377800 Uncommon trap: reason=class_check action=maybe_recompile pc=0x0000000002dab1d0 method=sun.misc.URLClassPath.getResource(Ljava/lang/String;Z)Lsun/misc/Resource; @ 62
Event: 5.475 Thread 0x0000000019377800 Uncommon trap: reason=unstable_if action=reinterpret pc=0x0000000002ccfac4 method=java.lang.ClassLoader.getClassLoadingLock(Ljava/lang/String;)Ljava/lang/Object; @ 6
Event: 5.501 Thread 0x0000000019377800 Uncommon trap: reason=class_check action=maybe_recompile pc=0x0000000002defe54 method=sun.misc.URLClassPath.getLoader(I)Lsun/misc/URLClassPath$Loader; @ 239
Event: 5.516 Thread 0x0000000019377800 Uncommon trap: reason=class_check action=maybe_recompile pc=0x0000000002defe54 method=sun.misc.URLClassPath.getLoader(I)Lsun/misc/URLClassPath$Loader; @ 239
Event: 5.755 Thread 0x0000000019377800 Uncommon trap: reason=class_check action=maybe_recompile pc=0x0000000002defe54 method=sun.misc.URLClassPath.getLoader(I)Lsun/misc/URLClassPath$Loader; @ 239
Event: 5.950 Thread 0x0000000019377800 Uncommon trap: reason=unstable_if action=reinterpret pc=0x0000000002cc6260 method=java.util.HashMap.hash(Ljava/lang/Object;)I @ 1
Event: 6.084 Thread 0x0000000019377800 Uncommon trap: reason=unstable_if action=reinterpret pc=0x0000000002ac99f8 method=java.util.HashMap.getNode(ILjava/lang/Object;)Ljava/util/HashMap$Node; @ 53
Event: 6.085 Thread 0x0000000019377800 Uncommon trap: reason=unstable_if action=reinterpret pc=0x0000000002ae23b0 method=java.util.HashMap.hash(Ljava/lang/Object;)I @ 1
Event: 6.085 Thread 0x0000000019377800 Uncommon trap: reason=unstable_if action=reinterpret pc=0x0000000002c92718 method=java.util.HashMap.putVal(ILjava/lang/Object;Ljava/lang/Object;ZZ)Ljava/lang/Object; @ 85
Event: 6.107 Thread 0x0000000019377800 Uncommon trap: reason=unstable_if action=reinterpret pc=0x0000000002b1d470 method=java.util.LinkedHashMap.afterNodeInsertion(Z)V @ 1

Classes redefined (0 events):
No events

Internal exceptions (10 events):
Event: 5.747 Thread 0x0000000019377800 Exception <a 'java/lang/ClassNotFoundException': sun/nio/fs/WindowsPathBeanInfo> (0x00000000e14caec8) thrown at [D:\src\AOSP-openjdk-cygwin\jdk8u\hotspot\src\share\vm\classfile\systemDictionary.cpp, line 210]
Event: 5.747 Thread 0x0000000019377800 Exception <a 'java/lang/ClassNotFoundException': sun/nio/fs/AbstractPathBeanInfo> (0x00000000e14cde58) thrown at [D:\src\AOSP-openjdk-cygwin\jdk8u\hotspot\src\share\vm\classfile\systemDictionary.cpp, line 210]
Event: 5.747 Thread 0x0000000019377800 Exception <a 'java/lang/ClassNotFoundException': sun/nio/fs/AbstractPathCustomizer> (0x00000000e14d0e58) thrown at [D:\src\AOSP-openjdk-cygwin\jdk8u\hotspot\src\share\vm\classfile\systemDictionary.cpp, line 210]
Event: 5.749 Thread 0x0000000019377800 Exception <a 'java/lang/ClassNotFoundException': sun/nio/fs/WindowsPathCustomizer> (0x00000000e14de778) thrown at [D:\src\AOSP-openjdk-cygwin\jdk8u\hotspot\src\share\vm\classfile\systemDictionary.cpp, line 210]
Event: 5.768 Thread 0x0000000019377800 Exception <a 'java/lang/ClassNotFoundException': groovy/lang/Closure$1BeanInfo> (0x00000000e155ae70) thrown at [D:\src\AOSP-openjdk-cygwin\jdk8u\hotspot\src\share\vm\classfile\systemDictionary.cpp, line 210]
Event: 5.769 Thread 0x0000000019377800 Exception <a 'java/lang/ClassNotFoundException': groovy/lang/ClosureBeanInfo> (0x00000000e157db08) thrown at [D:\src\AOSP-openjdk-cygwin\jdk8u\hotspot\src\share\vm\classfile\systemDictionary.cpp, line 210]
Event: 5.778 Thread 0x0000000019377800 Exception <a 'java/lang/ClassNotFoundException': groovy/lang/ClosureCustomizer> (0x00000000e15a1410) thrown at [D:\src\AOSP-openjdk-cygwin\jdk8u\hotspot\src\share\vm\classfile\systemDictionary.cpp, line 210]
Event: 5.782 Thread 0x0000000019377800 Exception <a 'java/lang/ClassNotFoundException': groovy/lang/Closure$1Customizer> (0x00000000e15ec048) thrown at [D:\src\AOSP-openjdk-cygwin\jdk8u\hotspot\src\share\vm\classfile\systemDictionary.cpp, line 210]
Event: 5.950 Thread 0x0000000019377800 Implicit null exception at 0x0000000002cc6055 to 0x0000000002cc6251
Event: 6.085 Thread 0x0000000019377800 Implicit null exception at 0x0000000002ae2318 to 0x0000000002ae23a6

Events (10 events):
Event: 6.211 loading class org/objectweb/asm/ClassReader
Event: 6.211 loading class org/objectweb/asm/ClassReader done
Event: 6.217 loading class org/objectweb/asm/Attribute
Event: 6.217 loading class org/objectweb/asm/Attribute done
Event: 6.218 loading class org/objectweb/asm/Context
Event: 6.218 loading class org/objectweb/asm/Context done
Event: 6.225 loading class org/gradle/plugins/ide/eclipse/model/ClasspathEntry
Event: 6.225 loading class org/gradle/plugins/ide/eclipse/model/ClasspathEntry done
Event: 6.226 loading class org/gradle/plugins/ide/eclipse/model/AbstractLibrary
Event: 6.226 loading class org/gradle/plugins/ide/eclipse/model/AbstractLibrary done


Dynamic libraries:
0x00007ff6d1760000 - 0x00007ff6d1791000 	C:\Program Files\Android\Android Studio\jre\bin\java.exe
0x00007ffdfd020000 - 0x00007ffdfd201000 	C:\WINDOWS\SYSTEM32\ntdll.dll
0x00007ffdfaf80000 - 0x00007ffdfb032000 	C:\WINDOWS\System32\KERNEL32.DLL
0x00007ffdf99c0000 - 0x00007ffdf9c33000 	C:\WINDOWS\System32\KERNELBASE.dll
0x00007ffdfcf40000 - 0x00007ffdfcfe1000 	C:\WINDOWS\System32\ADVAPI32.dll
0x00007ffdfa4b0000 - 0x00007ffdfa54e000 	C:\WINDOWS\System32\msvcrt.dll
0x00007ffdfa550000 - 0x00007ffdfa5ab000 	C:\WINDOWS\System32\sechost.dll
0x00007ffdfa5c0000 - 0x00007ffdfa6e4000 	C:\WINDOWS\System32\RPCRT4.dll
0x00007ffdfaa30000 - 0x00007ffdfabc0000 	C:\WINDOWS\System32\USER32.dll
0x00007ffdf93f0000 - 0x00007ffdf9410000 	C:\WINDOWS\System32\win32u.dll
0x00007ffdfae20000 - 0x00007ffdfae48000 	C:\WINDOWS\System32\GDI32.dll
0x00007ffdf9820000 - 0x00007ffdf99b2000 	C:\WINDOWS\System32\gdi32full.dll
0x00007ffdf9410000 - 0x00007ffdf94af000 	C:\WINDOWS\System32\msvcp_win.dll
0x00007ffdf96a0000 - 0x00007ffdf979a000 	C:\WINDOWS\System32\ucrtbase.dll
0x00007ffde81b0000 - 0x00007ffde8419000 	C:\WINDOWS\WinSxS\amd64_microsoft.windows.common-controls_6595b64144ccf1df_6.0.17134.407_none_fb449d63306391e9\COMCTL32.dll
0x00007ffdfcb40000 - 0x00007ffdfce62000 	C:\WINDOWS\System32\combase.dll
0x00007ffdf97a0000 - 0x00007ffdf981a000 	C:\WINDOWS\System32\bcryptPrimitives.dll
0x00007ffdfac70000 - 0x00007ffdfac9d000 	C:\WINDOWS\System32\IMM32.DLL
0x0000000066830000 - 0x0000000066902000 	C:\Program Files\Android\Android Studio\jre\jre\bin\msvcr100.dll
0x0000000064c80000 - 0x00000000654bf000 	C:\Program Files\Android\Android Studio\jre\jre\bin\server\jvm.dll
0x00007ffdfa5b0000 - 0x00007ffdfa5b8000 	C:\WINDOWS\System32\PSAPI.DLL
0x00007ffdf82b0000 - 0x00007ffdf82b9000 	C:\WINDOWS\SYSTEM32\WSOCK32.dll
0x00007ffdf7bd0000 - 0x00007ffdf7bda000 	C:\WINDOWS\SYSTEM32\VERSION.dll
0x00007ffdf3a50000 - 0x00007ffdf3a73000 	C:\WINDOWS\SYSTEM32\WINMM.dll
0x00007ffdfa6f0000 - 0x00007ffdfa75c000 	C:\WINDOWS\System32\WS2_32.dll
0x00007ffdf39c0000 - 0x00007ffdf39ea000 	C:\WINDOWS\SYSTEM32\winmmbase.dll
0x00007ffdfa460000 - 0x00007ffdfa4a9000 	C:\WINDOWS\System32\cfgmgr32.dll
0x00007ffdf7c60000 - 0x00007ffdf7c6f000 	C:\Program Files\Android\Android Studio\jre\jre\bin\verify.dll
0x00007ffdf7420000 - 0x00007ffdf7449000 	C:\Program Files\Android\Android Studio\jre\jre\bin\java.dll
0x00007ffdf4ad0000 - 0x00007ffdf4ae6000 	C:\Program Files\Android\Android Studio\jre\jre\bin\zip.dll
0x00007ffdfb6a0000 - 0x00007ffdfcadf000 	C:\WINDOWS\System32\SHELL32.dll
0x00007ffdfabc0000 - 0x00007ffdfac69000 	C:\WINDOWS\System32\shcore.dll
0x00007ffdf9c40000 - 0x00007ffdfa34d000 	C:\WINDOWS\System32\windows.storage.dll
0x00007ffdfb630000 - 0x00007ffdfb681000 	C:\WINDOWS\System32\shlwapi.dll
0x00007ffdf93d0000 - 0x00007ffdf93e1000 	C:\WINDOWS\System32\kernel.appcore.dll
0x00007ffdf93b0000 - 0x00007ffdf93cf000 	C:\WINDOWS\System32\profapi.dll
0x00007ffdf9330000 - 0x00007ffdf937c000 	C:\WINDOWS\System32\powrprof.dll
0x00007ffdf9380000 - 0x00007ffdf938a000 	C:\WINDOWS\System32\FLTLIB.DLL
0x00007ffdee930000 - 0x00007ffdee94a000 	C:\Program Files\Android\Android Studio\jre\jre\bin\net.dll
0x00007ffdf8b40000 - 0x00007ffdf8ba6000 	C:\WINDOWS\system32\mswsock.dll
0x00007ffdee4b0000 - 0x00007ffdee4c1000 	C:\Program Files\Android\Android Studio\jre\jre\bin\nio.dll
0x00007ffde7070000 - 0x00007ffde708e000 	C:\Users\王浩\.gradle\native\25\windows-amd64\native-platform.dll
0x00007ffdf7be0000 - 0x00007ffdf7bed000 	C:\Program Files\Android\Android Studio\jre\jre\bin\management.dll
0x00007ffdf8d00000 - 0x00007ffdf8d17000 	C:\WINDOWS\SYSTEM32\CRYPTSP.dll
0x00007ffdf8720000 - 0x00007ffdf8753000 	C:\WINDOWS\system32\rsaenh.dll
0x00007ffdf8e20000 - 0x00007ffdf8e45000 	C:\WINDOWS\SYSTEM32\bcrypt.dll
0x00007ffdf91c0000 - 0x00007ffdf91e8000 	C:\WINDOWS\SYSTEM32\USERENV.dll
0x00007ffdf8cf0000 - 0x00007ffdf8cfb000 	C:\WINDOWS\SYSTEM32\CRYPTBASE.dll
0x00007ffdf88c0000 - 0x00007ffdf88f8000 	C:\WINDOWS\SYSTEM32\IPHLPAPI.DLL
0x00007ffdfb690000 - 0x00007ffdfb698000 	C:\WINDOWS\System32\NSI.dll
0x00007ffdf3f40000 - 0x00007ffdf3f56000 	C:\WINDOWS\SYSTEM32\dhcpcsvc6.DLL
0x00007ffdf3f20000 - 0x00007ffdf3f3a000 	C:\WINDOWS\SYSTEM32\dhcpcsvc.DLL

VM Arguments:
jvm_args: -Xmx1536M -Dfile.encoding=GBK -Duser.country=CN -Duser.language=zh -Duser.variant 
java_command: org.gradle.launcher.daemon.bootstrap.GradleDaemon 4.10.2
java_class_path (initial): C:\Users\王浩\.gradle\wrapper\dists\gradle-4.10.2-all\9fahxiiecdb76a5g3aw9oi8rv\gradle-4.10.2\lib\gradle-launcher-4.10.2.jar
Launcher Type: SUN_STANDARD

Environment Variables:
JAVA_HOME=C:\Program Files\Android\Android Studio\jre
CLASSPATH=D:\android\FlutterLearning\flutter_lake\android\\gradle\wrapper\gradle-wrapper.jar
PATH=D:\Anaconda3;D:\Anaconda3\Library\mingw-w64\bin;D:\Anaconda3\Library\usr\bin;D:\Anaconda3\Library\bin;D:\Anaconda3\Scripts;C:\Program Files\NVIDIA GPU Computing Toolkit\CUDA\v9.1\bin;C:\Program Files\NVIDIA GPU Computing Toolkit\CUDA\v9.1\libnvvp;D:\android\sdk\platform-tools;C:\Users\王浩\Desktop\adb工具\windows7;C:\Users\王浩\AppData\Local\Programs\Python\Python35\Scripts;C:\Program Files (x86)\NVIDIA Corporation\PhysX\Common;c:\tools\cuda\bin;C:\ProgramData\NVIDIA Corporation\CUDA Samples\v9.1\bin;C:\WINDOWS\system32;C:\WINDOWS;C:\WINDOWS\System32\Wbem;C:\WINDOWS\System32\WindowsPowerShell\v1.0\;D:\Python\pythonPC\venv\Scripts;D:\Python\PythonProjects\venv\Scripts;D:\Google downlaods\proe5.0\proeWildfire 5.0\bin;C:\WINDOWS\System32\OpenSSH\;C:\Program Files (x86)\jdk1.8.0_151;\bin;C:\Program Files (x86)\jdk1.8.0_151;\jre\bin;C:\Program Files\Android\Android Studio\gradle\gradle-4.4\bin;D:\Note.js\;D:\Visual Studio Code\Microsoft VS Code\bin;C:\Program Files\Common Files\Autodesk Shared\;C:\Users\王浩\Downloads\bin;C:\Users\王浩\Downloads\jre\bin;D:\android\sdk\platform-tools;C:\Users\王浩\AppData\Local\Microsoft\WindowsApps;D:\Google downlaods\algs4.jar;D:\Visual Studio Code\Microsoft VS Code\bin;C:\Users\王浩\AppData\Local\atom\bin;C:\Program Files (x86)\jdk1.8.0_151\bin;C:\Program Files (x86)\jdk1.8.0_151\jre\bin;C:\Program Files\Android\Android Studio\gradle\gradle-4.4\bin;C:\Users\王浩\AppData\Roaming\npm;D:\GCC\bin;%MySQL%\bin;D:\Important\Flutter\bin;C:\Program Files\Android\Android Studio\gradle\gradle-4.4\bin;;D:\Important\Flutter\bin\mingit\cmd
USERNAME=王浩
OS=Windows_NT
PROCESSOR_IDENTIFIER=Intel64 Family 6 Model 142 Stepping 9, GenuineIntel



---------------  S Y S T E M  ---------------

OS: Windows 10.0 , 64 bit Build 17134 (10.0.17134.1)

CPU:total 4 (initial active 4) (2 cores per cpu, 2 threads per core) family 6 model 142 stepping 9, cmov, cx8, fxsr, mmx, sse, sse2, sse3, ssse3, sse4.1, sse4.2, popcnt, avx, avx2, aes, clmul, erms, 3dnowpref, lzcnt, ht, tsc, tscinvbit, bmi1, bmi2, adx

Memory: 4k page, physical 8253672k(166692k free), swap 23840356k(4124k free)

vm_info: OpenJDK 64-Bit Server VM (25.152-b02) for windows-amd64 JRE (1.8.0_152-release-1024-b02), built by "builder" with MS VC++ 10.0 (VS2010)

time: Sun Nov 25 21:38:16 2018
elapsed time: 6 seconds (0d 0h 0m 6s)

