#
# There is insufficient memory for the Java Runtime Environment to continue.
# Native memory allocation (malloc) failed to allocate 2290736 bytes for Chunk::new
# Possible reasons:
#   The system is out of physical RAM or swap space
#   In 32 bit mode, the process size limit was hit
# Possible solutions:
#   Reduce memory load on the system
#   Increase physical memory or swap space
#   Check if swap backing store is full
#   Use 64 bit Java on a 64 bit OS
#   Decrease Java heap size (-Xmx/-Xms)
#   Decrease number of Java threads
#   Decrease Java thread stack sizes (-Xss)
#   Set larger code cache with -XX:ReservedCodeCacheSize=
# This output file may be truncated or incomplete.
#
#  Out of Memory Error (allocation.cpp:390), pid=97312, tid=0x0000000000015884
#
# JRE version: OpenJDK Runtime Environment (8.0_152-b02) (build 1.8.0_152-release-1024-b02)
# Java VM: OpenJDK 64-Bit Server VM (25.152-b02 mixed mode windows-amd64 compressed oops)
# Failed to write core dump. Minidumps are not enabled by default on client versions of Windows
#

---------------  T H R E A D  ---------------

Current thread (0x000000001769b800):  JavaThread "C2 CompilerThread1" daemon [_thread_in_native, id=88196, stack(0x0000000017d90000,0x0000000017e90000)]

Stack: [0x0000000017d90000,0x0000000017e90000]
[error occurred during error reporting (printing stack bounds), id 0xc0000005]

Native frames: (J=compiled Java code, j=interpreted, Vv=VM code, C=native code)


Current CompileTask:
C2:   6156 1757   !   4       java.net.URLClassLoader$1::run (63 bytes)


---------------  P R O C E S S  ---------------

Java Threads: ( => current thread )
  0x00000000176ad000 JavaThread "Cache worker for journal cache (C:\Users\娴\.gradle\caches\journal-1)" [_thread_blocked, id=69080, stack(0x000000001bb10000,0x000000001bc10000)]
  0x00000000176af800 JavaThread "Cache worker for file hash cache (D:\android\FlutterLearning\flutter_lake\android\.gradle\4.10.2\fileHashes)" [_thread_blocked, id=6816, stack(0x000000001ba10000,0x000000001bb10000)]
  0x000000001a852800 JavaThread "File lock request listener" [_thread_in_native, id=43164, stack(0x000000001b910000,0x000000001ba10000)]
  0x000000001a7ca800 JavaThread "Cache worker for file hash cache (C:\Users\娴\.gradle\caches\4.10.2\fileHashes)" [_thread_blocked, id=82696, stack(0x000000001b610000,0x000000001b710000)]
  0x00000000191bb000 JavaThread "Stdin handler" [_thread_blocked, id=23296, stack(0x000000001a340000,0x000000001a440000)]
  0x0000000019168800 JavaThread "Asynchronous log dispatcher for DefaultDaemonConnection: socket connection from /127.0.0.1:13967 to /127.0.0.1:13968" [_thread_blocked, id=53100, stack(0x000000001a240000,0x000000001a340000)]
  0x0000000019167000 JavaThread "Daemon worker" [_thread_in_vm, id=74584, stack(0x000000001a140000,0x000000001a240000)]
  0x0000000019166000 JavaThread "Cancel handler" [_thread_blocked, id=18008, stack(0x000000001a040000,0x000000001a140000)]
  0x0000000019161000 JavaThread "Handler for socket connection from /127.0.0.1:13967 to /127.0.0.1:13968" [_thread_in_native, id=66872, stack(0x0000000019f40000,0x000000001a040000)]
  0x00000000190a7800 JavaThread "Daemon" [_thread_blocked, id=86180, stack(0x0000000019e40000,0x0000000019f40000)]
  0x00000000190a0000 JavaThread "Daemon periodic checks" [_thread_blocked, id=33604, stack(0x0000000019d40000,0x0000000019e40000)]
  0x0000000019076000 JavaThread "Incoming local TCP Connector on port 13967" [_thread_in_native, id=88744, stack(0x0000000019b90000,0x0000000019c90000)]
  0x000000001772e800 JavaThread "Service Thread" daemon [_thread_blocked, id=78592, stack(0x0000000017f90000,0x0000000018090000)]
  0x00000000176ae000 JavaThread "C1 CompilerThread2" daemon [_thread_blocked, id=10908, stack(0x0000000017e90000,0x0000000017f90000)]
=>0x000000001769b800 JavaThread "C2 CompilerThread1" daemon [_thread_in_native, id=88196, stack(0x0000000017d90000,0x0000000017e90000)]
  0x000000001632b800 JavaThread "C2 CompilerThread0" daemon [_thread_in_native, id=53984, stack(0x0000000017c90000,0x0000000017d90000)]
  0x000000001632a800 JavaThread "Attach Listener" daemon [_thread_blocked, id=20444, stack(0x0000000017b90000,0x0000000017c90000)]
  0x00000000162e4000 JavaThread "Signal Dispatcher" daemon [_thread_blocked, id=48808, stack(0x0000000017a90000,0x0000000017b90000)]
  0x000000000295d800 JavaThread "Finalizer" daemon [_thread_blocked, id=98900, stack(0x0000000017530000,0x0000000017630000)]
  0x0000000002954000 JavaThread "Reference Handler" daemon [_thread_blocked, id=81804, stack(0x0000000017430000,0x0000000017530000)]
  0x0000000002863800 JavaThread "main" [_thread_blocked, id=82796, stack(0x0000000002760000,0x0000000002860000)]

Other Threads:
  0x0000000016295800 VMThread [stack: 0x0000000017330000,0x0000000017430000] [id=55464]
  0x000000001772f000 WatcherThread [stack: 0x0000000018090000,0x0000000018190000] [id=35716]

VM state:not at safepoint (normal execution)

VM Mutex/Monitor currently owned by a thread: None

Heap:
 PSYoungGen      total 32256K, used 11681K [0x00000000e0000000, 0x00000000e4400000, 0x0000000100000000)
  eden space 27136K, 28% used [0x00000000e0000000,0x00000000e076de98,0x00000000e1a80000)
  from space 5120K, 79% used [0x00000000e2500000,0x00000000e28fa910,0x00000000e2a00000)
  to   space 10752K, 0% used [0x00000000e1a80000,0x00000000e1a80000,0x00000000e2500000)
 ParOldGen       total 65024K, used 9239K [0x00000000a0000000, 0x00000000a3f80000, 0x00000000e0000000)
  object space 65024K, 14% used [0x00000000a0000000,0x00000000a0905d38,0x00000000a3f80000)
 Metaspace       used 24562K, capacity 24972K, committed 25344K, reserved 1071104K
  class space    used 3348K, capacity 3534K, committed 3584K, reserved 1048576K

Card table byte_map: [0x0000000011d20000,0x0000000012030000] byte_map_base: 0x0000000011820000

Marking Bits: (ParMarkBitMap*) 0x0000000065444970
 Begin Bits: [0x0000000012630000, 0x0000000013e30000)
 End Bits:   [0x0000000013e30000, 0x0000000015630000)

Polling page: 0x0000000000bf0000

CodeCache: size=245760Kb used=8000Kb max_used=8019Kb free=237759Kb
 bounds [0x0000000002960000, 0x0000000003140000, 0x0000000011960000]
 total_blobs=2623 nmethods=1973 adapters=563
 compilation: enabled

Compilation events (10 events):
Event: 6.146 Thread 0x00000000176ae000 1994       3       java.util.TreeMap::get (19 bytes)
Event: 6.146 Thread 0x00000000176ae000 nmethod 1994 0x0000000002a9e950 code [0x0000000002a9eac0, 0x0000000002a9ed28]
Event: 6.147 Thread 0x00000000176ae000 1995       3       org.gradle.internal.reflect.MutableClassDetails::instanceMethod (10 bytes)
Event: 6.147 Thread 0x00000000176ae000 nmethod 1995 0x0000000002a78510 code [0x0000000002a78680, 0x0000000002a78828]
Event: 6.147 Thread 0x00000000176ae000 1996       2       java.util.ArrayList::rangeCheck (22 bytes)
Event: 6.148 Thread 0x00000000176ae000 nmethod 1996 0x0000000002a63b50 code [0x0000000002a63d00, 0x0000000002a64178]
Event: 6.148 Thread 0x00000000176ae000 1997       2       java.util.ArrayList::elementData (7 bytes)
Event: 6.148 Thread 0x00000000176ae000 nmethod 1997 0x0000000002a76d90 code [0x0000000002a76ee0, 0x0000000002a77050]
Event: 6.148 Thread 0x00000000176ae000 1998       1       java.lang.reflect.WeakCache$CacheKey::hashCode (5 bytes)
Event: 6.148 Thread 0x00000000176ae000 nmethod 1998 0x0000000002a8d310 code [0x0000000002a8d460, 0x0000000002a8d570]

GC Heap History (10 events):
Event: 3.978 GC heap before
{Heap before GC invocations=3 (full 0):
 PSYoungGen      total 37888K, used 37883K [0x00000000e0000000, 0x00000000e2a00000, 0x0000000100000000)
  eden space 32768K, 100% used [0x00000000e0000000,0x00000000e2000000,0x00000000e2000000)
  from space 5120K, 99% used [0x00000000e2500000,0x00000000e29fed70,0x00000000e2a00000)
  to   space 5120K, 0% used [0x00000000e2000000,0x00000000e2000000,0x00000000e2500000)
 ParOldGen       total 86016K, used 129K [0x00000000a0000000, 0x00000000a5400000, 0x00000000e0000000)
  object space 86016K, 0% used [0x00000000a0000000,0x00000000a0020460,0x00000000a5400000)
 Metaspace       used 13297K, capacity 13664K, committed 13824K, reserved 1060864K
  class space    used 1866K, capacity 2004K, committed 2048K, reserved 1048576K
Event: 3.987 GC heap after
Heap after GC invocations=3 (full 0):
 PSYoungGen      total 37888K, used 5112K [0x00000000e0000000, 0x00000000e2a00000, 0x0000000100000000)
  eden space 32768K, 0% used [0x00000000e0000000,0x00000000e0000000,0x00000000e2000000)
  from space 5120K, 99% used [0x00000000e2000000,0x00000000e24fe030,0x00000000e2500000)
  to   space 5120K, 0% used [0x00000000e2500000,0x00000000e2500000,0x00000000e2a00000)
 ParOldGen       total 86016K, used 2308K [0x00000000a0000000, 0x00000000a5400000, 0x00000000e0000000)
  object space 86016K, 2% used [0x00000000a0000000,0x00000000a02413f0,0x00000000a5400000)
 Metaspace       used 13297K, capacity 13664K, committed 13824K, reserved 1060864K
  class space    used 1866K, capacity 2004K, committed 2048K, reserved 1048576K
}
Event: 4.615 GC heap before
{Heap before GC invocations=4 (full 0):
 PSYoungGen      total 37888K, used 37880K [0x00000000e0000000, 0x00000000e2a00000, 0x0000000100000000)
  eden space 32768K, 100% used [0x00000000e0000000,0x00000000e2000000,0x00000000e2000000)
  from space 5120K, 99% used [0x00000000e2000000,0x00000000e24fe030,0x00000000e2500000)
  to   space 5120K, 0% used [0x00000000e2500000,0x00000000e2500000,0x00000000e2a00000)
 ParOldGen       total 86016K, used 2308K [0x00000000a0000000, 0x00000000a5400000, 0x00000000e0000000)
  object space 86016K, 2% used [0x00000000a0000000,0x00000000a02413f0,0x00000000a5400000)
 Metaspace       used 16252K, capacity 16592K, committed 16896K, reserved 1062912K
  class space    used 2346K, capacity 2494K, committed 2560K, reserved 1048576K
Event: 4.629 GC heap after
Heap after GC invocations=4 (full 0):
 PSYoungGen      total 37888K, used 5112K [0x00000000e0000000, 0x00000000e2a00000, 0x0000000100000000)
  eden space 32768K, 0% used [0x00000000e0000000,0x00000000e0000000,0x00000000e2000000)
  from space 5120K, 99% used [0x00000000e2500000,0x00000000e29fe050,0x00000000e2a00000)
  to   space 5120K, 0% used [0x00000000e2000000,0x00000000e2000000,0x00000000e2500000)
 ParOldGen       total 86016K, used 5502K [0x00000000a0000000, 0x00000000a5400000, 0x00000000e0000000)
  object space 86016K, 6% used [0x00000000a0000000,0x00000000a055f860,0x00000000a5400000)
 Metaspace       used 16252K, capacity 16592K, committed 16896K, reserved 1062912K
  class space    used 2346K, capacity 2494K, committed 2560K, reserved 1048576K
}
Event: 5.262 GC heap before
{Heap before GC invocations=5 (full 0):
 PSYoungGen      total 37888K, used 29702K [0x00000000e0000000, 0x00000000e2a00000, 0x0000000100000000)
  eden space 32768K, 75% used [0x00000000e0000000,0x00000000e18037c8,0x00000000e2000000)
  from space 5120K, 99% used [0x00000000e2500000,0x00000000e29fe050,0x00000000e2a00000)
  to   space 5120K, 0% used [0x00000000e2000000,0x00000000e2000000,0x00000000e2500000)
 ParOldGen       total 86016K, used 5502K [0x00000000a0000000, 0x00000000a5400000, 0x00000000e0000000)
  object space 86016K, 6% used [0x00000000a0000000,0x00000000a055f860,0x00000000a5400000)
 Metaspace       used 20763K, capacity 21110K, committed 21248K, reserved 1067008K
  class space    used 2892K, capacity 3039K, committed 3072K, reserved 1048576K
Event: 5.275 GC heap after
Heap after GC invocations=5 (full 0):
 PSYoungGen      total 37888K, used 5090K [0x00000000e0000000, 0x00000000e2a00000, 0x0000000100000000)
  eden space 32768K, 0% used [0x00000000e0000000,0x00000000e0000000,0x00000000e2000000)
  from space 5120K, 99% used [0x00000000e2000000,0x00000000e24f8a68,0x00000000e2500000)
  to   space 5120K, 0% used [0x00000000e2500000,0x00000000e2500000,0x00000000e2a00000)
 ParOldGen       total 86016K, used 9320K [0x00000000a0000000, 0x00000000a5400000, 0x00000000e0000000)
  object space 86016K, 10% used [0x00000000a0000000,0x00000000a091a2f8,0x00000000a5400000)
 Metaspace       used 20763K, capacity 21110K, committed 21248K, reserved 1067008K
  class space    used 2892K, capacity 3039K, committed 3072K, reserved 1048576K
}
Event: 5.275 GC heap before
{Heap before GC invocations=6 (full 1):
 PSYoungGen      total 37888K, used 5090K [0x00000000e0000000, 0x00000000e2a00000, 0x0000000100000000)
  eden space 32768K, 0% used [0x00000000e0000000,0x00000000e0000000,0x00000000e2000000)
  from space 5120K, 99% used [0x00000000e2000000,0x00000000e24f8a68,0x00000000e2500000)
  to   space 5120K, 0% used [0x00000000e2500000,0x00000000e2500000,0x00000000e2a00000)
 ParOldGen       total 86016K, used 9320K [0x00000000a0000000, 0x00000000a5400000, 0x00000000e0000000)
  object space 86016K, 10% used [0x00000000a0000000,0x00000000a091a2f8,0x00000000a5400000)
 Metaspace       used 20763K, capacity 21110K, committed 21248K, reserved 1067008K
  class space    used 2892K, capacity 3039K, committed 3072K, reserved 1048576K
Event: 5.351 GC heap after
Heap after GC invocations=6 (full 1):
 PSYoungGen      total 37888K, used 0K [0x00000000e0000000, 0x00000000e2a00000, 0x0000000100000000)
  eden space 32768K, 0% used [0x00000000e0000000,0x00000000e0000000,0x00000000e2000000)
  from space 5120K, 0% used [0x00000000e2000000,0x00000000e2000000,0x00000000e2500000)
  to   space 5120K, 0% used [0x00000000e2500000,0x00000000e2500000,0x00000000e2a00000)
 ParOldGen       total 65024K, used 9231K [0x00000000a0000000, 0x00000000a3f80000, 0x00000000e0000000)
  object space 65024K, 14% used [0x00000000a0000000,0x00000000a0903d38,0x00000000a3f80000)
 Metaspace       used 20763K, capacity 21110K, committed 21248K, reserved 1067008K
  class space    used 2892K, capacity 3039K, committed 3072K, reserved 1048576K
}
Event: 5.997 GC heap before
{Heap before GC invocations=7 (full 1):
 PSYoungGen      total 37888K, used 32768K [0x00000000e0000000, 0x00000000e2a00000, 0x0000000100000000)
  eden space 32768K, 100% used [0x00000000e0000000,0x00000000e2000000,0x00000000e2000000)
  from space 5120K, 0% used [0x00000000e2000000,0x00000000e2000000,0x00000000e2500000)
  to   space 5120K, 0% used [0x00000000e2500000,0x00000000e2500000,0x00000000e2a00000)
 ParOldGen       total 65024K, used 9231K [0x00000000a0000000, 0x00000000a3f80000, 0x00000000e0000000)
  object space 65024K, 14% used [0x00000000a0000000,0x00000000a0903d38,0x00000000a3f80000)
 Metaspace       used 23956K, capacity 24422K, committed 24704K, reserved 1071104K
  class space    used 3254K, capacity 3437K, committed 3456K, reserved 1048576K
Event: 6.006 GC heap after
Heap after GC invocations=7 (full 1):
 PSYoungGen      total 32256K, used 4074K [0x00000000e0000000, 0x00000000e4400000, 0x0000000100000000)
  eden space 27136K, 0% used [0x00000000e0000000,0x00000000e0000000,0x00000000e1a80000)
  from space 5120K, 79% used [0x00000000e2500000,0x00000000e28fa910,0x00000000e2a00000)
  to   space 10752K, 0% used [0x00000000e1a80000,0x00000000e1a80000,0x00000000e2500000)
 ParOldGen       total 65024K, used 9239K [0x00000000a0000000, 0x00000000a3f80000, 0x00000000e0000000)
  object space 65024K, 14% used [0x00000000a0000000,0x00000000a0905d38,0x00000000a3f80000)
 Metaspace       used 23956K, capacity 24422K, committed 24704K, reserved 1071104K
  class space    used 3254K, capacity 3437K, committed 3456K, reserved 1048576K
}

Deoptimization events (10 events):
Event: 5.557 Thread 0x0000000019167000 Uncommon trap: reason=class_check action=maybe_recompile pc=0x0000000002ec47e8 method=sun.misc.URLClassPath.getResource(Ljava/lang/String;Z)Lsun/misc/Resource; @ 62
Event: 5.561 Thread 0x0000000019167000 Uncommon trap: reason=unstable_if action=reinterpret pc=0x0000000002de9b88 method=java.lang.ClassLoader.getClassLoadingLock(Ljava/lang/String;)Ljava/lang/Object; @ 6
Event: 5.587 Thread 0x0000000019167000 Uncommon trap: reason=class_check action=maybe_recompile pc=0x0000000002f14a18 method=sun.misc.URLClassPath.getLoader(I)Lsun/misc/URLClassPath$Loader; @ 239
Event: 5.599 Thread 0x0000000019167000 Uncommon trap: reason=class_check action=maybe_recompile pc=0x0000000002f14a18 method=sun.misc.URLClassPath.getLoader(I)Lsun/misc/URLClassPath$Loader; @ 239
Event: 5.817 Thread 0x0000000019167000 Uncommon trap: reason=class_check action=maybe_recompile pc=0x0000000002f14a18 method=sun.misc.URLClassPath.getLoader(I)Lsun/misc/URLClassPath$Loader; @ 239
Event: 5.981 Thread 0x0000000019167000 Uncommon trap: reason=unstable_if action=reinterpret pc=0x0000000002de0320 method=java.util.HashMap.hash(Ljava/lang/Object;)I @ 1
Event: 5.981 Thread 0x0000000019167000 Uncommon trap: reason=unstable_if action=reinterpret pc=0x0000000002d1f3e8 method=java.util.HashMap.hash(Ljava/lang/Object;)I @ 1
Event: 6.127 Thread 0x0000000019167000 Uncommon trap: reason=unstable_if action=reinterpret pc=0x0000000002bdfe38 method=java.util.HashMap.getNode(ILjava/lang/Object;)Ljava/util/HashMap$Node; @ 53
Event: 6.127 Thread 0x0000000019167000 Uncommon trap: reason=unstable_if action=reinterpret pc=0x0000000002dacbd4 method=java.util.HashMap.hash(Ljava/lang/Object;)I @ 1
Event: 6.127 Thread 0x0000000019167000 Uncommon trap: reason=unstable_if action=reinterpret pc=0x0000000002daedb8 method=java.util.HashMap.putVal(ILjava/lang/Object;Ljava/lang/Object;ZZ)Ljava/lang/Object; @ 85

Classes redefined (0 events):
No events

Internal exceptions (10 events):
Event: 5.809 Thread 0x0000000019167000 Exception <a 'java/lang/ClassNotFoundException': sun/nio/fs/AbstractPathBeanInfo> (0x00000000e14ce1c0) thrown at [D:\src\AOSP-openjdk-cygwin\jdk8u\hotspot\src\share\vm\classfile\systemDictionary.cpp, line 210]
Event: 5.810 Thread 0x0000000019167000 Exception <a 'java/lang/ClassNotFoundException': sun/nio/fs/AbstractPathCustomizer> (0x00000000e14d11c0) thrown at [D:\src\AOSP-openjdk-cygwin\jdk8u\hotspot\src\share\vm\classfile\systemDictionary.cpp, line 210]
Event: 5.811 Thread 0x0000000019167000 Exception <a 'java/lang/ClassNotFoundException': sun/nio/fs/WindowsPathCustomizer> (0x00000000e14deae0) thrown at [D:\src\AOSP-openjdk-cygwin\jdk8u\hotspot\src\share\vm\classfile\systemDictionary.cpp, line 210]
Event: 5.823 Thread 0x0000000019167000 Exception <a 'java/lang/ClassNotFoundException': groovy/lang/Closure$1BeanInfo> (0x00000000e155b140) thrown at [D:\src\AOSP-openjdk-cygwin\jdk8u\hotspot\src\share\vm\classfile\systemDictionary.cpp, line 210]
Event: 5.824 Thread 0x0000000019167000 Exception <a 'java/lang/ClassNotFoundException': groovy/lang/ClosureBeanInfo> (0x00000000e157ddd8) thrown at [D:\src\AOSP-openjdk-cygwin\jdk8u\hotspot\src\share\vm\classfile\systemDictionary.cpp, line 210]
Event: 5.834 Thread 0x0000000019167000 Exception <a 'java/lang/ClassNotFoundException': groovy/lang/ClosureCustomizer> (0x00000000e15a16d0) thrown at [D:\src\AOSP-openjdk-cygwin\jdk8u\hotspot\src\share\vm\classfile\systemDictionary.cpp, line 210]
Event: 5.838 Thread 0x0000000019167000 Exception <a 'java/lang/ClassNotFoundException': groovy/lang/Closure$1Customizer> (0x00000000e15ec340) thrown at [D:\src\AOSP-openjdk-cygwin\jdk8u\hotspot\src\share\vm\classfile\systemDictionary.cpp, line 210]
Event: 5.981 Thread 0x0000000019167000 Implicit null exception at 0x0000000002de0115 to 0x0000000002de0311
Event: 5.981 Thread 0x0000000019167000 Implicit null exception at 0x0000000002d1f36f to 0x0000000002d1f3d9
Event: 6.127 Thread 0x0000000019167000 Implicit null exception at 0x0000000002dac75b to 0x0000000002dacbb9

Events (10 events):
Event: 6.141 loading class org/gradle/api/internal/tasks/DefaultTaskContainer$DuplicateTaskException
Event: 6.141 loading class org/gradle/api/internal/tasks/DefaultTaskContainer$DuplicateTaskException done
Event: 6.143 loading class org/gradle/api/tasks/TaskProvider
Event: 6.143 loading class org/gradle/api/tasks/TaskProvider done
Event: 6.143 loading class org/gradle/api/internal/project/taskfactory/TaskIdentity
Event: 6.143 loading class org/gradle/api/internal/project/taskfactory/TaskIdentity done
Event: 6.144 loading class org/gradle/api/internal/collections/CollectionFilter
Event: 6.144 loading class org/gradle/api/internal/collections/CollectionFilter done
Event: 6.148 loading class org/gradle/api/tasks/Internal
Event: 6.148 loading class org/gradle/api/tasks/Internal done


Dynamic libraries:
0x00007ff79fc10000 - 0x00007ff79fc41000 	C:\Program Files\Android\Android Studio\jre\bin\java.exe
0x00007ffdfd020000 - 0x00007ffdfd201000 	C:\WINDOWS\SYSTEM32\ntdll.dll
0x00007ffdfaf80000 - 0x00007ffdfb032000 	C:\WINDOWS\System32\KERNEL32.DLL
0x00007ffdf99c0000 - 0x00007ffdf9c33000 	C:\WINDOWS\System32\KERNELBASE.dll
0x00007ffdfcf40000 - 0x00007ffdfcfe1000 	C:\WINDOWS\System32\ADVAPI32.dll
0x00007ffdfa4b0000 - 0x00007ffdfa54e000 	C:\WINDOWS\System32\msvcrt.dll
0x00007ffdfa550000 - 0x00007ffdfa5ab000 	C:\WINDOWS\System32\sechost.dll
0x00007ffdfa5c0000 - 0x00007ffdfa6e4000 	C:\WINDOWS\System32\RPCRT4.dll
0x00007ffdfaa30000 - 0x00007ffdfabc0000 	C:\WINDOWS\System32\USER32.dll
0x00007ffdf93f0000 - 0x00007ffdf9410000 	C:\WINDOWS\System32\win32u.dll
0x00007ffdfae20000 - 0x00007ffdfae48000 	C:\WINDOWS\System32\GDI32.dll
0x00007ffdf9820000 - 0x00007ffdf99b2000 	C:\WINDOWS\System32\gdi32full.dll
0x00007ffdf9410000 - 0x00007ffdf94af000 	C:\WINDOWS\System32\msvcp_win.dll
0x00007ffdf96a0000 - 0x00007ffdf979a000 	C:\WINDOWS\System32\ucrtbase.dll
0x00007ffde81b0000 - 0x00007ffde8419000 	C:\WINDOWS\WinSxS\amd64_microsoft.windows.common-controls_6595b64144ccf1df_6.0.17134.407_none_fb449d63306391e9\COMCTL32.dll
0x00007ffdfcb40000 - 0x00007ffdfce62000 	C:\WINDOWS\System32\combase.dll
0x00007ffdf97a0000 - 0x00007ffdf981a000 	C:\WINDOWS\System32\bcryptPrimitives.dll
0x00007ffdfac70000 - 0x00007ffdfac9d000 	C:\WINDOWS\System32\IMM32.DLL
0x0000000066830000 - 0x0000000066902000 	C:\Program Files\Android\Android Studio\jre\jre\bin\msvcr100.dll
0x0000000064c80000 - 0x00000000654bf000 	C:\Program Files\Android\Android Studio\jre\jre\bin\server\jvm.dll
0x00007ffdfa5b0000 - 0x00007ffdfa5b8000 	C:\WINDOWS\System32\PSAPI.DLL
0x00007ffdf3a50000 - 0x00007ffdf3a73000 	C:\WINDOWS\SYSTEM32\WINMM.dll
0x00007ffdf82b0000 - 0x00007ffdf82b9000 	C:\WINDOWS\SYSTEM32\WSOCK32.dll
0x00007ffdf7bd0000 - 0x00007ffdf7bda000 	C:\WINDOWS\SYSTEM32\VERSION.dll
0x00007ffdf39c0000 - 0x00007ffdf39ea000 	C:\WINDOWS\SYSTEM32\WINMMBASE.dll
0x00007ffdfa6f0000 - 0x00007ffdfa75c000 	C:\WINDOWS\System32\WS2_32.dll
0x00007ffdfa460000 - 0x00007ffdfa4a9000 	C:\WINDOWS\System32\cfgmgr32.dll
0x00007ffdf7c60000 - 0x00007ffdf7c6f000 	C:\Program Files\Android\Android Studio\jre\jre\bin\verify.dll
0x00007ffdf7420000 - 0x00007ffdf7449000 	C:\Program Files\Android\Android Studio\jre\jre\bin\java.dll
0x00007ffdf4ad0000 - 0x00007ffdf4ae6000 	C:\Program Files\Android\Android Studio\jre\jre\bin\zip.dll
0x00007ffdfb6a0000 - 0x00007ffdfcadf000 	C:\WINDOWS\System32\SHELL32.dll
0x00007ffdfabc0000 - 0x00007ffdfac69000 	C:\WINDOWS\System32\shcore.dll
0x00007ffdf9c40000 - 0x00007ffdfa34d000 	C:\WINDOWS\System32\windows.storage.dll
0x00007ffdfb630000 - 0x00007ffdfb681000 	C:\WINDOWS\System32\shlwapi.dll
0x00007ffdf93d0000 - 0x00007ffdf93e1000 	C:\WINDOWS\System32\kernel.appcore.dll
0x00007ffdf93b0000 - 0x00007ffdf93cf000 	C:\WINDOWS\System32\profapi.dll
0x00007ffdf9330000 - 0x00007ffdf937c000 	C:\WINDOWS\System32\powrprof.dll
0x00007ffdf9380000 - 0x00007ffdf938a000 	C:\WINDOWS\System32\FLTLIB.DLL
0x00007ffdee930000 - 0x00007ffdee94a000 	C:\Program Files\Android\Android Studio\jre\jre\bin\net.dll
0x00007ffdf8b40000 - 0x00007ffdf8ba6000 	C:\WINDOWS\system32\mswsock.dll
0x00007ffdee4b0000 - 0x00007ffdee4c1000 	C:\Program Files\Android\Android Studio\jre\jre\bin\nio.dll
0x00007ffde7070000 - 0x00007ffde708e000 	C:\Users\王浩\.gradle\native\25\windows-amd64\native-platform.dll
0x00007ffdf7be0000 - 0x00007ffdf7bed000 	C:\Program Files\Android\Android Studio\jre\jre\bin\management.dll
0x00007ffdf8d00000 - 0x00007ffdf8d17000 	C:\WINDOWS\SYSTEM32\CRYPTSP.dll
0x00007ffdf8720000 - 0x00007ffdf8753000 	C:\WINDOWS\system32\rsaenh.dll
0x00007ffdf8e20000 - 0x00007ffdf8e45000 	C:\WINDOWS\SYSTEM32\bcrypt.dll
0x00007ffdf91c0000 - 0x00007ffdf91e8000 	C:\WINDOWS\SYSTEM32\USERENV.dll
0x00007ffdf8cf0000 - 0x00007ffdf8cfb000 	C:\WINDOWS\SYSTEM32\CRYPTBASE.dll
0x00007ffdf88c0000 - 0x00007ffdf88f8000 	C:\WINDOWS\SYSTEM32\IPHLPAPI.DLL
0x00007ffdfb690000 - 0x00007ffdfb698000 	C:\WINDOWS\System32\NSI.dll
0x00007ffdf3f40000 - 0x00007ffdf3f56000 	C:\WINDOWS\SYSTEM32\dhcpcsvc6.DLL
0x00007ffdf3f20000 - 0x00007ffdf3f3a000 	C:\WINDOWS\SYSTEM32\dhcpcsvc.DLL

VM Arguments:
jvm_args: -Xmx1536M -Dfile.encoding=GBK -Duser.country=CN -Duser.language=zh -Duser.variant 
java_command: org.gradle.launcher.daemon.bootstrap.GradleDaemon 4.10.2
java_class_path (initial): C:\Users\王浩\.gradle\wrapper\dists\gradle-4.10.2-all\9fahxiiecdb76a5g3aw9oi8rv\gradle-4.10.2\lib\gradle-launcher-4.10.2.jar
Launcher Type: SUN_STANDARD

Environment Variables:
JAVA_HOME=C:\Program Files\Android\Android Studio\jre
CLASSPATH=D:\android\FlutterLearning\flutter_lake\android\\gradle\wrapper\gradle-wrapper.jar
PATH=D:\Anaconda3;D:\Anaconda3\Library\mingw-w64\bin;D:\Anaconda3\Library\usr\bin;D:\Anaconda3\Library\bin;D:\Anaconda3\Scripts;C:\Program Files\NVIDIA GPU Computing Toolkit\CUDA\v9.1\bin;C:\Program Files\NVIDIA GPU Computing Toolkit\CUDA\v9.1\libnvvp;D:\android\sdk\platform-tools;C:\Users\王浩\Desktop\adb工具\windows7;C:\Users\王浩\AppData\Local\Programs\Python\Python35\Scripts;C:\Program Files (x86)\NVIDIA Corporation\PhysX\Common;c:\tools\cuda\bin;C:\ProgramData\NVIDIA Corporation\CUDA Samples\v9.1\bin;C:\WINDOWS\system32;C:\WINDOWS;C:\WINDOWS\System32\Wbem;C:\WINDOWS\System32\WindowsPowerShell\v1.0\;D:\Python\pythonPC\venv\Scripts;D:\Python\PythonProjects\venv\Scripts;D:\Google downlaods\proe5.0\proeWildfire 5.0\bin;C:\WINDOWS\System32\OpenSSH\;C:\Program Files (x86)\jdk1.8.0_151;\bin;C:\Program Files (x86)\jdk1.8.0_151;\jre\bin;C:\Program Files\Android\Android Studio\gradle\gradle-4.4\bin;D:\Note.js\;D:\Visual Studio Code\Microsoft VS Code\bin;C:\Program Files\Common Files\Autodesk Shared\;C:\Users\王浩\Downloads\bin;C:\Users\王浩\Downloads\jre\bin;D:\android\sdk\platform-tools;C:\Users\王浩\AppData\Local\Microsoft\WindowsApps;D:\Google downlaods\algs4.jar;D:\Visual Studio Code\Microsoft VS Code\bin;C:\Users\王浩\AppData\Local\atom\bin;C:\Program Files (x86)\jdk1.8.0_151\bin;C:\Program Files (x86)\jdk1.8.0_151\jre\bin;C:\Program Files\Android\Android Studio\gradle\gradle-4.4\bin;C:\Users\王浩\AppData\Roaming\npm;D:\GCC\bin;%MySQL%\bin;D:\Important\Flutter\bin;C:\Program Files\Android\Android Studio\gradle\gradle-4.4\bin;;D:\Important\Flutter\bin\mingit\cmd
USERNAME=王浩
OS=Windows_NT
PROCESSOR_IDENTIFIER=Intel64 Family 6 Model 142 Stepping 9, GenuineIntel



---------------  S Y S T E M  ---------------

OS: Windows 10.0 , 64 bit Build 17134 (10.0.17134.1)

CPU:total 4 (initial active 4) (2 cores per cpu, 2 threads per core) family 6 model 142 stepping 9, cmov, cx8, fxsr, mmx, sse, sse2, sse3, ssse3, sse4.1, sse4.2, popcnt, avx, avx2, aes, clmul, erms, 3dnowpref, lzcnt, ht, tsc, tscinvbit, bmi1, bmi2, adx

Memory: 4k page, physical 8253672k(264372k free), swap 23840356k(5524k free)

vm_info: OpenJDK 64-Bit Server VM (25.152-b02) for windows-amd64 JRE (1.8.0_152-release-1024-b02), built by "builder" with MS VC++ 10.0 (VS2010)

time: Sun Nov 25 21:52:11 2018
elapsed time: 6 seconds (0d 0h 0m 6s)

